<?xml version="1.0" encoding="UTF-8"?>
<!-- Generated by org.testng.reporters.JUnitReportReporter -->
<testsuite hostname="Hanz-Riya" failures="0" tests="1" name="TestScript.QALegendClientsTest" time="6.186" errors="0" timestamp="2025-01-01T19:27:20 IST" skipped="0">
  <testcase classname="TestScript.QALegendClientsTest" name="addClients" time="6.186"/>
</testsuite> <!-- TestScript.QALegendClientsTest -->
