<?xml version="1.0" encoding="UTF-8"?>
<!-- Generated by org.testng.reporters.JUnitReportReporter -->
<testsuite hostname="Hanz-Riya" failures="0" tests="2" name="TestScript.QALegendTicketTest" time="17.253" errors="0" timestamp="2025-01-03T19:25:16 IST" skipped="0">
  <testcase classname="TestScript.QALegendTicketTest" name="verifyTicketMarkedAsClosed" time="8.690"/>
  <testcase classname="TestScript.QALegendTicketTest" name="verifyTicketAssignment" time="8.563"/>
</testsuite> <!-- TestScript.QALegendTicketTest -->
