<?xml version="1.0" encoding="UTF-8"?>
<!-- Generated by org.testng.reporters.JUnitReportReporter -->
<testsuite hostname="Hanz-Riya" failures="0" tests="2" name="TestScript.QALegendTicketTest" time="15.931" errors="0" timestamp="2025-01-01T23:27:07 IST" skipped="0">
  <testcase classname="TestScript.QALegendTicketTest" name="verifyTicketAssignment" time="5.703"/>
  <testcase classname="TestScript.QALegendTicketTest" name="verifyTicketMarkedAsClosed" time="10.228"/>
</testsuite> <!-- TestScript.QALegendTicketTest -->
