<?xml version="1.0" encoding="UTF-8"?>
<!-- Generated by org.testng.reporters.JUnitReportReporter -->
<testsuite hostname="Hanz-Riya" failures="0" tests="2" name="TestScript.QALegendTicketTest" time="15.533" errors="0" timestamp="2025-01-03T21:32:17 IST" skipped="0">
  <testcase classname="TestScript.QALegendTicketTest" name="verifyTicketAssignment" time="6.588"/>
  <testcase classname="TestScript.QALegendTicketTest" name="verifyTicketMarkedAsClosed" time="8.945"/>
</testsuite> <!-- TestScript.QALegendTicketTest -->
