<?xml version="1.0" encoding="UTF-8"?>
<!-- Generated by org.testng.reporters.JUnitReportReporter -->
<testsuite hostname="Hanz-Riya" failures="0" tests="1" name="TestScript.QALegendEditTeamMembersTest" time="3.783" errors="0" timestamp="2024-12-23T12:34:07 IST" skipped="0">
  <testcase classname="TestScript.QALegendEditTeamMembersTest" name="editTeamTestCases" time="3.783"/>
</testsuite> <!-- TestScript.QALegendEditTeamMembersTest -->
