<?xml version="1.0" encoding="UTF-8"?>
<!-- Generated by org.testng.reporters.JUnitReportReporter -->
<testsuite hostname="Hanz-Riya" failures="0" tests="1" name="TestScript.QALegendEventTest" time="7.611" errors="0" timestamp="2025-01-03T09:38:57 IST" skipped="0">
  <testcase classname="TestScript.QALegendEventTest" name="addEvent" time="7.611"/>
</testsuite> <!-- TestScript.QALegendEventTest -->
