<?xml version="1.0" encoding="UTF-8"?>
<!-- Generated by org.testng.reporters.JUnitReportReporter -->
<testsuite hostname="Hanz-Riya" failures="0" tests="1" name="TestScript.QALegendAnnouncementTest" time="4.607" errors="0" timestamp="2025-01-01T19:27:20 IST" skipped="0">
  <testcase classname="TestScript.QALegendAnnouncementTest" name="addAnnouncement" time="4.607"/>
</testsuite> <!-- TestScript.QALegendAnnouncementTest -->
