<?xml version="1.0" encoding="UTF-8"?>
<!-- Generated by org.testng.reporters.JUnitReportReporter -->
<testsuite hostname="Hanz-Riya" failures="0" tests="2" name="TestScript.QALegendLoginTest" time="7.043" errors="0" timestamp="2025-01-01T23:27:07 IST" skipped="0">
  <testcase classname="TestScript.QALegendLoginTest" name="checkinValidLogin" time="4.955"/>
  <testcase classname="TestScript.QALegendLoginTest" name="checkValidLogin" time="2.088"/>
</testsuite> <!-- TestScript.QALegendLoginTest -->
