<?xml version="1.0" encoding="UTF-8"?>
<!-- Generated by org.testng.reporters.JUnitReportReporter -->
<testsuite hostname="Hanz-Riya" failures="0" tests="2" name="TestScript.QALegendNoteTest" time="9.892" errors="0" timestamp="2025-01-03T17:08:13 IST" skipped="1">
  <testcase classname="TestScript.QALegendNoteTest" name="addNoteTest" time="4.865">
    <skipped/>
  </testcase> <!-- addNoteTest -->
  <testcase classname="TestScript.QALegendNoteTest" name="addNoteTest" time="5.027"/>
</testsuite> <!-- TestScript.QALegendNoteTest -->
