<?xml version="1.0" encoding="UTF-8"?>
<!-- Generated by org.testng.reporters.JUnitReportReporter -->
<testsuite hostname="Hanz-Riya" failures="0" tests="1" name="TestScript.QALegendEditEventTest" time="4.182" errors="0" timestamp="2025-01-03T19:25:16 IST" skipped="0">
  <testcase classname="TestScript.QALegendEditEventTest" name="editEventTestCases" time="4.182"/>
</testsuite> <!-- TestScript.QALegendEditEventTest -->
