<?xml version="1.0" encoding="UTF-8"?>
<!-- Generated by org.testng.reporters.JUnitReportReporter -->
<testsuite hostname="Hanz-Riya" failures="0" tests="2" name="TestScript.QALegendItemsTest" time="9.589" errors="0" timestamp="2025-01-03T12:36:46 IST" skipped="1">
  <testcase classname="TestScript.QALegendItemsTest" name="addItem" time="4.852"/>
  <testcase classname="TestScript.QALegendItemsTest" name="addItem" time="4.737">
    <skipped/>
  </testcase> <!-- addItem -->
</testsuite> <!-- TestScript.QALegendItemsTest -->
