<?xml version="1.0" encoding="UTF-8"?>
<!-- Generated by org.testng.reporters.JUnitReportReporter -->
<testsuite hostname="Hanz-Riya" failures="0" tests="1" name="TestScript.QALegendNoteTest" time="6.772" errors="0" timestamp="2024-12-26T11:56:26 IST" skipped="0">
  <testcase classname="TestScript.QALegendNoteTest" name="addNoteTest" time="6.772"/>
</testsuite> <!-- TestScript.QALegendNoteTest -->
