<?xml version="1.0" encoding="UTF-8"?>
<!-- Generated by org.testng.reporters.JUnitReportReporter -->
<testsuite hostname="Hanz-Riya" failures="0" tests="2" name="TestScript.QALegendItemsTest" time="13.276" errors="0" timestamp="2025-01-01T23:27:07 IST" skipped="1">
  <testcase classname="TestScript.QALegendItemsTest" name="addItem" time="6.138"/>
  <testcase classname="TestScript.QALegendItemsTest" name="addItem" time="7.138">
    <skipped/>
  </testcase> <!-- addItem -->
</testsuite> <!-- TestScript.QALegendItemsTest -->
