<?xml version="1.0" encoding="UTF-8"?>
<!-- Generated by org.testng.reporters.JUnitReportReporter -->
<testsuite hostname="Hanz-Riya" failures="0" tests="1" name="TestScript.QALegendEditItemTest" time="4.198" errors="0" timestamp="2024-12-21T12:24:10 IST" skipped="0">
  <testcase classname="TestScript.QALegendEditItemTest" name="editItemTestCases" time="4.198"/>
</testsuite> <!-- TestScript.QALegendEditItemTest -->
