<?xml version="1.0" encoding="UTF-8"?>
<!-- Generated by org.testng.reporters.JUnitReportReporter -->
<testsuite hostname="Hanz-Riya" failures="0" tests="1" name="TestScript.QALegendItemsTest" time="8.390" errors="0" timestamp="2024-12-22T21:58:36 IST" skipped="0">
  <testcase classname="TestScript.QALegendItemsTest" name="addItem" time="8.390"/>
</testsuite> <!-- TestScript.QALegendItemsTest -->
