<?xml version="1.0" encoding="UTF-8"?>
<!-- Generated by org.testng.reporters.JUnitReportReporter -->
<testsuite hostname="Hanz-Riya" failures="0" tests="1" name="TestScript.QALegendEditTeamMembersTest" time="4.111" errors="0" timestamp="2025-01-01T23:27:07 IST" skipped="0">
  <testcase classname="TestScript.QALegendEditTeamMembersTest" name="editTeamTestCases" time="4.111"/>
</testsuite> <!-- TestScript.QALegendEditTeamMembersTest -->
