<?xml version="1.0" encoding="UTF-8"?>
<!-- Generated by org.testng.reporters.JUnitReportReporter -->
<testsuite hostname="Hanz-Riya" failures="0" tests="1" name="TestScript.QALegendMessagesTest" time="5.167" errors="0" timestamp="2024-12-21T12:24:10 IST" skipped="0">
  <testcase classname="TestScript.QALegendMessagesTest" name="addMesage" time="5.167"/>
</testsuite> <!-- TestScript.QALegendMessagesTest -->
