<?xml version="1.0" encoding="UTF-8"?>
<!-- Generated by org.testng.reporters.JUnitReportReporter -->
<testsuite hostname="Hanz-Riya" failures="0" tests="2" name="TestScript.QALegendClientsTest" time="12.367" errors="0" timestamp="2025-01-04T16:49:10 IST" skipped="0">
  <testcase classname="TestScript.QALegendClientsTest" name="verifyEditClient" time="6.550"/>
  <testcase classname="TestScript.QALegendClientsTest" name="verifyAddClient" time="5.817"/>
</testsuite> <!-- TestScript.QALegendClientsTest -->
