<?xml version="1.0" encoding="UTF-8"?>
<!-- Generated by org.testng.reporters.JUnitReportReporter -->
<testsuite hostname="Hanz-Riya" failures="0" tests="2" name="TestScript.QALegendLoginTest" time="6.742" errors="0" timestamp="2025-01-03T17:08:13 IST" skipped="0">
  <testcase classname="TestScript.QALegendLoginTest" name="checkValidLogin" time="2.159"/>
  <testcase classname="TestScript.QALegendLoginTest" name="checkinValidLogin" time="4.583"/>
</testsuite> <!-- TestScript.QALegendLoginTest -->
