<?xml version="1.0" encoding="UTF-8"?>
<!-- Generated by org.testng.reporters.JUnitReportReporter -->
<testsuite hostname="Hanz-Riya" failures="0" tests="1" name="TestScript.QALegendAnnouncementTest" time="4.202" errors="0" timestamp="2024-12-23T12:34:07 IST" skipped="0">
  <testcase classname="TestScript.QALegendAnnouncementTest" name="addAnnouncement" time="4.202"/>
</testsuite> <!-- TestScript.QALegendAnnouncementTest -->
