<?xml version="1.0" encoding="UTF-8"?>
<!-- Generated by org.testng.reporters.JUnitReportReporter -->
<testsuite hostname="Hanz-Riya" failures="0" tests="1" name="TestScript.QALegendEditTeamMembersTest" time="3.377" errors="0" timestamp="2024-12-26T11:56:26 IST" skipped="0">
  <testcase classname="TestScript.QALegendEditTeamMembersTest" name="editTeamTestCases" time="3.377"/>
</testsuite> <!-- TestScript.QALegendEditTeamMembersTest -->
