<?xml version="1.0" encoding="UTF-8"?>
<!-- Generated by org.testng.reporters.JUnitReportReporter -->
<testsuite hostname="Hanz-Riya" failures="0" tests="1" name="TestScript.QALegendEditAnnouncementTest" time="3.238" errors="0" timestamp="2025-01-04T16:04:18 IST" skipped="0">
  <testcase classname="TestScript.QALegendEditAnnouncementTest" name="editannouncementTestCases" time="3.238"/>
</testsuite> <!-- TestScript.QALegendEditAnnouncementTest -->
