<?xml version="1.0" encoding="UTF-8"?>
<!-- Generated by org.testng.reporters.JUnitReportReporter -->
<testsuite hostname="Hanz-Riya" failures="0" tests="1" name="TestScript.QALegendClientsTest" time="7.546" errors="0" timestamp="2024-12-22T21:53:36 IST" skipped="0">
  <testcase classname="TestScript.QALegendClientsTest" name="addClients" time="7.546"/>
</testsuite> <!-- TestScript.QALegendClientsTest -->
