<?xml version="1.0" encoding="UTF-8"?>
<!-- Generated by org.testng.reporters.JUnitReportReporter -->
<testsuite hostname="Hanz-Riya" failures="0" tests="1" name="TestScript.QALegendAnnouncementTest" time="4.007" errors="0" timestamp="2025-01-04T16:04:18 IST" skipped="0">
  <testcase classname="TestScript.QALegendAnnouncementTest" name="addAnnouncement" time="4.007"/>
</testsuite> <!-- TestScript.QALegendAnnouncementTest -->
