<?xml version="1.0" encoding="UTF-8"?>
<!-- Generated by org.testng.reporters.JUnitReportReporter -->
<testsuite hostname="Hanz-Riya" failures="0" tests="2" name="TestScript.QALegendTicketTest" time="14.070" errors="0" timestamp="2025-01-04T16:04:18 IST" skipped="0">
  <testcase classname="TestScript.QALegendTicketTest" name="verifyTicketAssignment" time="6.684"/>
  <testcase classname="TestScript.QALegendTicketTest" name="verifyTicketMarkedAsClosed" time="7.386"/>
</testsuite> <!-- TestScript.QALegendTicketTest -->
