<?xml version="1.0" encoding="UTF-8"?>
<!-- Generated by org.testng.reporters.JUnitReportReporter -->
<testsuite hostname="Hanz-Riya" failures="0" tests="1" name="TestScript.QALegendEditTeamMembersTest" time="3.568" errors="0" timestamp="2025-01-03T09:38:57 IST" skipped="0">
  <testcase classname="TestScript.QALegendEditTeamMembersTest" name="editTeamTestCases" time="3.568"/>
</testsuite> <!-- TestScript.QALegendEditTeamMembersTest -->
