<?xml version="1.0" encoding="UTF-8"?>
<!-- Generated by org.testng.reporters.JUnitReportReporter -->
<testsuite hostname="Hanz-Riya" failures="0" tests="2" name="TestScript.QALegendTicketTest" time="14.810" errors="0" timestamp="2025-01-01T23:02:36 IST" skipped="0">
  <testcase classname="TestScript.QALegendTicketTest" name="verifyTicketMarkedAsClosed" time="7.030"/>
  <testcase classname="TestScript.QALegendTicketTest" name="verifyTicketAssignment" time="7.780"/>
</testsuite> <!-- TestScript.QALegendTicketTest -->
