<?xml version="1.0" encoding="UTF-8"?>
<!-- Generated by org.testng.reporters.JUnitReportReporter -->
<testsuite hostname="Hanz-Riya" failures="0" tests="1" name="TestScript.QALegendEditAnnouncementTest" time="4.020" errors="0" timestamp="2025-01-03T12:36:46 IST" skipped="0">
  <testcase classname="TestScript.QALegendEditAnnouncementTest" name="editannouncementTestCases" time="4.020"/>
</testsuite> <!-- TestScript.QALegendEditAnnouncementTest -->
