<?xml version="1.0" encoding="UTF-8"?>
<!-- Generated by org.testng.reporters.JUnitReportReporter -->
<testsuite hostname="Hanz-Riya" failures="0" tests="2" name="TestScript.QALegendTicketTest" time="13.622" errors="0" timestamp="2025-01-03T12:36:46 IST" skipped="0">
  <testcase classname="TestScript.QALegendTicketTest" name="verifyTicketMarkedAsClosed" time="6.363"/>
  <testcase classname="TestScript.QALegendTicketTest" name="verifyTicketAssignment" time="7.259"/>
</testsuite> <!-- TestScript.QALegendTicketTest -->
