<?xml version="1.0" encoding="UTF-8"?>
<!-- Generated by org.testng.reporters.JUnitReportReporter -->
<testsuite hostname="Hanz-Riya" failures="0" tests="1" name="TestScript.QALegendProjectTest" time="6.050" errors="0" timestamp="2025-01-03T17:08:13 IST" skipped="0">
  <testcase classname="TestScript.QALegendProjectTest" name="verifyAddProject" time="6.050"/>
</testsuite> <!-- TestScript.QALegendProjectTest -->
