<?xml version="1.0" encoding="UTF-8"?>
<!-- Generated by org.testng.reporters.JUnitReportReporter -->
<testsuite hostname="Hanz-Riya" failures="0" tests="1" name="TestScript.QALegendInvoicesTest" time="4.714" errors="0" timestamp="2024-12-16T19:57:54 IST" skipped="0">
  <testcase classname="TestScript.QALegendInvoicesTest" name="addInvoices" time="4.714"/>
</testsuite> <!-- TestScript.QALegendInvoicesTest -->
