<?xml version="1.0" encoding="UTF-8"?>
<!-- Generated by org.testng.reporters.JUnitReportReporter -->
<testsuite hostname="Hanz-Riya" failures="0" tests="1" name="TestScript.QALegendEditEventTest" time="5.353" errors="0" timestamp="2024-12-26T11:56:26 IST" skipped="0">
  <testcase classname="TestScript.QALegendEditEventTest" name="editEventTestCases" time="5.353"/>
</testsuite> <!-- TestScript.QALegendEditEventTest -->
