<?xml version="1.0" encoding="UTF-8"?>
<!-- Generated by org.testng.reporters.JUnitReportReporter -->
<testsuite hostname="Hanz-Riya" failures="0" tests="2" name="TestScript.QALegendClientsTest" time="12.798" errors="0" timestamp="2025-01-03T21:32:17 IST" skipped="0">
  <testcase classname="TestScript.QALegendClientsTest" name="verifyAddClient" time="5.315"/>
  <testcase classname="TestScript.QALegendClientsTest" name="verifyEditClient" time="7.483"/>
</testsuite> <!-- TestScript.QALegendClientsTest -->
