<?xml version="1.0" encoding="UTF-8"?>
<!-- Generated by org.testng.reporters.JUnitReportReporter -->
<testsuite hostname="Hanz-Riya" failures="0" tests="1" name="TestScript.QALegendTeamMembersTest" time="5.581" errors="0" timestamp="2025-01-01T23:02:36 IST" skipped="0">
  <testcase classname="TestScript.QALegendTeamMembersTest" name="addTeamMembers" time="5.581"/>
</testsuite> <!-- TestScript.QALegendTeamMembersTest -->
