<?xml version="1.0" encoding="UTF-8"?>
<!-- Generated by org.testng.reporters.JUnitReportReporter -->
<testsuite hostname="Hanz-Riya" failures="0" tests="2" name="TestScript.QALegendLoginTest" time="6.172" errors="0" timestamp="2024-12-26T11:56:26 IST" skipped="0">
  <testcase classname="TestScript.QALegendLoginTest" name="checkinValidLogin" time="3.475"/>
  <testcase classname="TestScript.QALegendLoginTest" name="checkValidLogin" time="2.697"/>
</testsuite> <!-- TestScript.QALegendLoginTest -->
