<?xml version="1.0" encoding="UTF-8"?>
<!-- Generated by org.testng.reporters.JUnitReportReporter -->
<testsuite hostname="Hanz-Riya" failures="0" tests="2" name="TestScript.QALegendLoginTest" time="5.093" errors="0" timestamp="2025-01-04T16:04:18 IST" skipped="0">
  <testcase classname="TestScript.QALegendLoginTest" name="checkValidLogin" time="2.595"/>
  <testcase classname="TestScript.QALegendLoginTest" name="checkinValidLogin" time="2.498"/>
</testsuite> <!-- TestScript.QALegendLoginTest -->
