<?xml version="1.0" encoding="UTF-8"?>
<!-- Generated by org.testng.reporters.JUnitReportReporter -->
<testsuite hostname="Hanz-Riya" failures="0" tests="1" name="TestScript.QALegendNoteTest" time="5.905" errors="0" timestamp="2025-01-03T21:04:08 IST" skipped="0">
  <testcase classname="TestScript.QALegendNoteTest" name="verifyAddNoteTest" time="5.905"/>
</testsuite> <!-- TestScript.QALegendNoteTest -->
