<?xml version="1.0" encoding="UTF-8"?>
<!-- Generated by org.testng.reporters.JUnitReportReporter -->
<testsuite hostname="Hanz-Riya" failures="0" tests="2" name="TestScript.QALegendLoginTest" time="7.124" errors="0" timestamp="2024-12-22T21:55:15 IST" skipped="0">
  <testcase classname="TestScript.QALegendLoginTest" name="checkValidLogin" time="2.680"/>
  <testcase classname="TestScript.QALegendLoginTest" name="checkinValidLogin" time="4.444"/>
</testsuite> <!-- TestScript.QALegendLoginTest -->
