<?xml version="1.0" encoding="UTF-8"?>
<!-- Generated by org.testng.reporters.JUnitReportReporter -->
<testsuite hostname="Hanz-Riya" failures="0" tests="1" name="TestScript.QALegendNoteTest" time="4.963" errors="0" timestamp="2025-01-03T12:36:46 IST" skipped="0">
  <testcase classname="TestScript.QALegendNoteTest" name="addNoteTest" time="4.963"/>
</testsuite> <!-- TestScript.QALegendNoteTest -->
