<?xml version="1.0" encoding="UTF-8"?>
<!-- Generated by org.testng.reporters.JUnitReportReporter -->
<testsuite hostname="Hanz-Riya" failures="0" tests="2" name="TestScript.QALegendLoginTest" time="5.138" errors="0" timestamp="2025-01-04T16:49:10 IST" skipped="0">
  <testcase classname="TestScript.QALegendLoginTest" name="checkinValidLogin" time="2.876"/>
  <testcase classname="TestScript.QALegendLoginTest" name="checkValidLogin" time="2.262"/>
</testsuite> <!-- TestScript.QALegendLoginTest -->
