<?xml version="1.0" encoding="UTF-8"?>
<!-- Generated by org.testng.reporters.JUnitReportReporter -->
<testsuite hostname="Hanz-Riya" failures="0" tests="1" name="TestScript.QALegendNoteTest" time="5.178" errors="0" timestamp="2025-01-03T21:32:17 IST" skipped="0">
  <testcase classname="TestScript.QALegendNoteTest" name="verifyAddNoteTest" time="5.178"/>
</testsuite> <!-- TestScript.QALegendNoteTest -->
