<?xml version="1.0" encoding="UTF-8"?>
<!-- Generated by org.testng.reporters.JUnitReportReporter -->
<testsuite hostname="Hanz-Riya" failures="0" tests="2" name="TestScript.QALegendTicketTest" time="16.452" errors="0" timestamp="2025-01-03T18:58:50 IST" skipped="0">
  <testcase classname="TestScript.QALegendTicketTest" name="verifyTicketMarkedAsClosed" time="7.073"/>
  <testcase classname="TestScript.QALegendTicketTest" name="verifyTicketAssignment" time="9.379"/>
</testsuite> <!-- TestScript.QALegendTicketTest -->
