<?xml version="1.0" encoding="UTF-8"?>
<!-- Generated by org.testng.reporters.JUnitReportReporter -->
<testsuite hostname="Hanz-Riya" failures="0" tests="1" name="TestScript.QALegendEditEventTest" time="4.336" errors="0" timestamp="2024-12-23T12:34:07 IST" skipped="0">
  <testcase classname="TestScript.QALegendEditEventTest" name="editEventTestCases" time="4.336"/>
</testsuite> <!-- TestScript.QALegendEditEventTest -->
