<?xml version="1.0" encoding="UTF-8"?>
<!-- Generated by org.testng.reporters.JUnitReportReporter -->
<testsuite hostname="Hanz-Riya" failures="0" tests="2" name="TestScript.QALegendLoginTest" time="5.430" errors="0" timestamp="2025-01-03T12:36:46 IST" skipped="0">
  <testcase classname="TestScript.QALegendLoginTest" name="checkinValidLogin" time="2.635"/>
  <testcase classname="TestScript.QALegendLoginTest" name="checkValidLogin" time="2.795"/>
</testsuite> <!-- TestScript.QALegendLoginTest -->
