<?xml version="1.0" encoding="UTF-8"?>
<!-- Generated by org.testng.reporters.JUnitReportReporter -->
<testsuite hostname="Hanz-Riya" failures="0" tests="1" name="TestScript.QALegendEditEventTest" time="3.923" errors="0" timestamp="2025-01-03T17:08:13 IST" skipped="0">
  <testcase classname="TestScript.QALegendEditEventTest" name="editEventTestCases" time="3.923"/>
</testsuite> <!-- TestScript.QALegendEditEventTest -->
