<?xml version="1.0" encoding="UTF-8"?>
<!-- Generated by org.testng.reporters.JUnitReportReporter -->
<testsuite hostname="Hanz-Riya" failures="0" tests="1" name="TestScript.QALegendTeamMembersTest" time="4.793" errors="0" timestamp="2025-01-01T23:27:07 IST" skipped="0">
  <testcase classname="TestScript.QALegendTeamMembersTest" name="addTeamMembers" time="4.793"/>
</testsuite> <!-- TestScript.QALegendTeamMembersTest -->
