<?xml version="1.0" encoding="UTF-8"?>
<!-- Generated by org.testng.reporters.JUnitReportReporter -->
<testsuite hostname="Hanz-Riya" failures="0" tests="2" name="TestScript.QALegendLoginTest" time="6.426" errors="0" timestamp="2025-01-01T23:02:36 IST" skipped="0">
  <testcase classname="TestScript.QALegendLoginTest" name="checkValidLogin" time="3.262"/>
  <testcase classname="TestScript.QALegendLoginTest" name="checkinValidLogin" time="3.164"/>
</testsuite> <!-- TestScript.QALegendLoginTest -->
