<?xml version="1.0" encoding="UTF-8"?>
<!-- Generated by org.testng.reporters.JUnitReportReporter -->
<testsuite hostname="Hanz-Riya" failures="0" tests="1" name="TestScript.QALegendMessageTest" time="6.334" errors="0" timestamp="2025-01-04T16:49:10 IST" skipped="0">
  <testcase classname="TestScript.QALegendMessageTest" name="verifyComposeMessage" time="6.334"/>
</testsuite> <!-- TestScript.QALegendMessageTest -->
