<?xml version="1.0" encoding="UTF-8"?>
<!-- Generated by org.testng.reporters.JUnitReportReporter -->
<testsuite hostname="Hanz-Riya" failures="0" tests="2" name="TestScript.QALegendProjectTest" time="14.258" errors="0" timestamp="2025-01-04T16:49:10 IST" skipped="0">
  <testcase classname="TestScript.QALegendProjectTest" name="verifyAddProject" time="6.400"/>
  <testcase classname="TestScript.QALegendProjectTest" name="verifyDeleteProject" time="7.858"/>
</testsuite> <!-- TestScript.QALegendProjectTest -->
