<?xml version="1.0" encoding="UTF-8"?>
<!-- Generated by org.testng.reporters.JUnitReportReporter -->
<testsuite hostname="Hanz-Riya" failures="0" tests="1" name="TestScript.QALegendNoteTest" time="5.274" errors="0" timestamp="2025-01-03T19:25:16 IST" skipped="0">
  <testcase classname="TestScript.QALegendNoteTest" name="addNoteTest" time="5.274"/>
</testsuite> <!-- TestScript.QALegendNoteTest -->
