<?xml version="1.0" encoding="UTF-8"?>
<!-- Generated by org.testng.reporters.JUnitReportReporter -->
<testsuite hostname="Hanz-Riya" failures="0" tests="2" name="TestScript.QALegendTicketTest" time="12.257" errors="0" timestamp="2025-01-04T16:49:10 IST" skipped="0">
  <testcase classname="TestScript.QALegendTicketTest" name="verifyTicketMarkedAsClosed" time="6.943"/>
  <testcase classname="TestScript.QALegendTicketTest" name="verifyTicketAssignment" time="5.314"/>
</testsuite> <!-- TestScript.QALegendTicketTest -->
