<?xml version="1.0" encoding="UTF-8"?>
<!-- Generated by org.testng.reporters.JUnitReportReporter -->
<testsuite hostname="Hanz-Riya" failures="0" tests="2" name="TestScript.QALegendTicketTest" time="16.017" errors="0" timestamp="2024-12-26T11:56:26 IST" skipped="0">
  <testcase classname="TestScript.QALegendTicketTest" name="verifyTicketMarkedAsClosed" time="7.386"/>
  <testcase classname="TestScript.QALegendTicketTest" name="verifyTicketAssignment" time="8.631"/>
</testsuite> <!-- TestScript.QALegendTicketTest -->
