<?xml version="1.0" encoding="UTF-8"?>
<!-- Generated by org.testng.reporters.JUnitReportReporter -->
<testsuite hostname="Hanz-Riya" failures="0" tests="1" name="TestScript.QALegendEventTest" time="5.119" errors="0" timestamp="2024-12-23T12:34:07 IST" skipped="0">
  <testcase classname="TestScript.QALegendEventTest" name="addEvent" time="5.119"/>
</testsuite> <!-- TestScript.QALegendEventTest -->
