<?xml version="1.0" encoding="UTF-8"?>
<!-- Generated by org.testng.reporters.JUnitReportReporter -->
<testsuite hostname="Hanz-Riya" failures="0" tests="2" name="TestScript.QALegendLoginTest" time="5.837" errors="0" timestamp="2025-01-03T19:25:16 IST" skipped="0">
  <testcase classname="TestScript.QALegendLoginTest" name="checkinValidLogin" time="3.856"/>
  <testcase classname="TestScript.QALegendLoginTest" name="checkValidLogin" time="1.981"/>
</testsuite> <!-- TestScript.QALegendLoginTest -->
