<?xml version="1.0" encoding="UTF-8"?>
<!-- Generated by org.testng.reporters.JUnitReportReporter -->
<testsuite hostname="Hanz-Riya" failures="0" tests="2" name="TestScript.QALegendTicketTest" time="11.688" errors="0" timestamp="2025-01-03T21:04:08 IST" skipped="0">
  <testcase classname="TestScript.QALegendTicketTest" name="verifyTicketMarkedAsClosed" time="5.232"/>
  <testcase classname="TestScript.QALegendTicketTest" name="verifyTicketAssignment" time="6.456"/>
</testsuite> <!-- TestScript.QALegendTicketTest -->
