<?xml version="1.0" encoding="UTF-8"?>
<!-- Generated by org.testng.reporters.JUnitReportReporter -->
<testsuite hostname="Hanz-Riya" failures="0" tests="1" name="TestScript.QALegendProjectTest" time="5.742" errors="0" timestamp="2024-12-26T11:56:26 IST" skipped="0">
  <testcase classname="TestScript.QALegendProjectTest" name="verifyAddProject" time="5.742"/>
</testsuite> <!-- TestScript.QALegendProjectTest -->
